<?xml version="1.0" encoding="UTF-8"?>
<testng-results skipped="0" failed="0" total="36" passed="36">
  <reporter-output>
  </reporter-output>
  <suite name="Suite1" duration-ms="349774" started-at="2016-07-06T00:28:54Z" finished-at="2016-07-06T00:34:44Z">
    <groups>
    </groups>
    <test name="Regression1" duration-ms="349774" started-at="2016-07-06T00:28:54Z" finished-at="2016-07-06T00:34:44Z">
      <class name="com.tests.TestHardware">
        <test-method status="PASS" signature="setUp()[pri:0, instance:com.tests.TestHardware@51081592]" name="setUp" is-config="true" duration-ms="4793" started-at="2016-07-05T17:33:51Z" finished-at="2016-07-05T17:33:56Z">
          <reporter-output>
          </reporter-output>
        </test-method> <!-- setUp -->
        <test-method status="PASS" signature="HardwarePagelink1()[pri:0, instance:com.tests.TestHardware@51081592]" name="HardwarePagelink1" duration-ms="987" started-at="2016-07-05T17:33:56Z" finished-at="2016-07-05T17:33:57Z">
          <reporter-output>
          </reporter-output>
        </test-method> <!-- HardwarePagelink1 -->
        <test-method status="PASS" signature="tearDown()[pri:0, instance:com.tests.TestHardware@51081592]" name="tearDown" is-config="true" duration-ms="770" started-at="2016-07-05T17:33:57Z" finished-at="2016-07-05T17:33:57Z">
          <reporter-output>
          </reporter-output>
        </test-method> <!-- tearDown -->
        <test-method status="PASS" signature="setUp()[pri:0, instance:com.tests.TestHardware@51081592]" name="setUp" is-config="true" duration-ms="4947" started-at="2016-07-05T17:33:57Z" finished-at="2016-07-05T17:34:02Z">
          <reporter-output>
          </reporter-output>
        </test-method> <!-- setUp -->
        <test-method status="PASS" signature="HardwarePagelink2()[pri:0, instance:com.tests.TestHardware@51081592]" name="HardwarePagelink2" duration-ms="929" started-at="2016-07-05T17:34:02Z" finished-at="2016-07-05T17:34:03Z">
          <reporter-output>
          </reporter-output>
        </test-method> <!-- HardwarePagelink2 -->
        <test-method status="PASS" signature="tearDown()[pri:0, instance:com.tests.TestHardware@51081592]" name="tearDown" is-config="true" duration-ms="752" started-at="2016-07-05T17:34:03Z" finished-at="2016-07-05T17:34:04Z">
          <reporter-output>
          </reporter-output>
        </test-method> <!-- tearDown -->
        <test-method status="PASS" signature="setUp()[pri:0, instance:com.tests.TestHardware@51081592]" name="setUp" is-config="true" duration-ms="4927" started-at="2016-07-05T17:34:04Z" finished-at="2016-07-05T17:34:09Z">
          <reporter-output>
          </reporter-output>
        </test-method> <!-- setUp -->
        <test-method status="PASS" signature="HardwarePagelink3()[pri:0, instance:com.tests.TestHardware@51081592]" name="HardwarePagelink3" duration-ms="862" started-at="2016-07-05T17:34:09Z" finished-at="2016-07-05T17:34:10Z">
          <reporter-output>
          </reporter-output>
        </test-method> <!-- HardwarePagelink3 -->
        <test-method status="PASS" signature="tearDown()[pri:0, instance:com.tests.TestHardware@51081592]" name="tearDown" is-config="true" duration-ms="767" started-at="2016-07-05T17:34:10Z" finished-at="2016-07-05T17:34:10Z">
          <reporter-output>
          </reporter-output>
        </test-method> <!-- tearDown -->
        <test-method status="PASS" signature="setUp()[pri:0, instance:com.tests.TestHardware@51081592]" name="setUp" is-config="true" duration-ms="5017" started-at="2016-07-05T17:34:10Z" finished-at="2016-07-05T17:34:16Z">
          <reporter-output>
          </reporter-output>
        </test-method> <!-- setUp -->
        <test-method status="PASS" signature="HardwarePagelink4()[pri:0, instance:com.tests.TestHardware@51081592]" name="HardwarePagelink4" duration-ms="790" started-at="2016-07-05T17:34:16Z" finished-at="2016-07-05T17:34:16Z">
          <reporter-output>
          </reporter-output>
        </test-method> <!-- HardwarePagelink4 -->
        <test-method status="PASS" signature="tearDown()[pri:0, instance:com.tests.TestHardware@51081592]" name="tearDown" is-config="true" duration-ms="760" started-at="2016-07-05T17:34:16Z" finished-at="2016-07-05T17:34:17Z">
          <reporter-output>
          </reporter-output>
        </test-method> <!-- tearDown -->
        <test-method status="PASS" signature="setUp()[pri:0, instance:com.tests.TestHardware@51081592]" name="setUp" is-config="true" duration-ms="4764" started-at="2016-07-05T17:34:17Z" finished-at="2016-07-05T17:34:22Z">
          <reporter-output>
          </reporter-output>
        </test-method> <!-- setUp -->
        <test-method status="PASS" signature="HardwarePagelink5()[pri:0, instance:com.tests.TestHardware@51081592]" name="HardwarePagelink5" duration-ms="911" started-at="2016-07-05T17:34:22Z" finished-at="2016-07-05T17:34:23Z">
          <reporter-output>
          </reporter-output>
        </test-method> <!-- HardwarePagelink5 -->
        <test-method status="PASS" signature="tearDown()[pri:0, instance:com.tests.TestHardware@51081592]" name="tearDown" is-config="true" duration-ms="764" started-at="2016-07-05T17:34:23Z" finished-at="2016-07-05T17:34:23Z">
          <reporter-output>
          </reporter-output>
        </test-method> <!-- tearDown -->
        <test-method status="PASS" signature="setUp()[pri:0, instance:com.tests.TestHardware@51081592]" name="setUp" is-config="true" duration-ms="5100" started-at="2016-07-05T17:34:23Z" finished-at="2016-07-05T17:34:29Z">
          <reporter-output>
          </reporter-output>
        </test-method> <!-- setUp -->
        <test-method status="PASS" signature="HardwarePagelink6()[pri:0, instance:com.tests.TestHardware@51081592]" name="HardwarePagelink6" duration-ms="874" started-at="2016-07-05T17:34:29Z" finished-at="2016-07-05T17:34:29Z">
          <reporter-output>
          </reporter-output>
        </test-method> <!-- HardwarePagelink6 -->
        <test-method status="PASS" signature="tearDown()[pri:0, instance:com.tests.TestHardware@51081592]" name="tearDown" is-config="true" duration-ms="756" started-at="2016-07-05T17:34:29Z" finished-at="2016-07-05T17:34:30Z">
          <reporter-output>
          </reporter-output>
        </test-method> <!-- tearDown -->
        <test-method status="PASS" signature="setUp()[pri:0, instance:com.tests.TestHardware@51081592]" name="setUp" is-config="true" duration-ms="4924" started-at="2016-07-05T17:34:30Z" finished-at="2016-07-05T17:34:35Z">
          <reporter-output>
          </reporter-output>
        </test-method> <!-- setUp -->
        <test-method status="PASS" signature="HardwarePagelink7()[pri:0, instance:com.tests.TestHardware@51081592]" name="HardwarePagelink7" duration-ms="865" started-at="2016-07-05T17:34:35Z" finished-at="2016-07-05T17:34:36Z">
          <reporter-output>
          </reporter-output>
        </test-method> <!-- HardwarePagelink7 -->
        <test-method status="PASS" signature="tearDown()[pri:0, instance:com.tests.TestHardware@51081592]" name="tearDown" is-config="true" duration-ms="757" started-at="2016-07-05T17:34:36Z" finished-at="2016-07-05T17:34:37Z">
          <reporter-output>
          </reporter-output>
        </test-method> <!-- tearDown -->
        <test-method status="PASS" signature="setUp()[pri:0, instance:com.tests.TestHardware@51081592]" name="setUp" is-config="true" duration-ms="5086" started-at="2016-07-05T17:34:37Z" finished-at="2016-07-05T17:34:42Z">
          <reporter-output>
          </reporter-output>
        </test-method> <!-- setUp -->
        <test-method status="PASS" signature="HardwarePagelink8()[pri:0, instance:com.tests.TestHardware@51081592]" name="HardwarePagelink8" duration-ms="898" started-at="2016-07-05T17:34:42Z" finished-at="2016-07-05T17:34:43Z">
          <reporter-output>
          </reporter-output>
        </test-method> <!-- HardwarePagelink8 -->
        <test-method status="PASS" signature="tearDown()[pri:0, instance:com.tests.TestHardware@51081592]" name="tearDown" is-config="true" duration-ms="751" started-at="2016-07-05T17:34:43Z" finished-at="2016-07-05T17:34:44Z">
          <reporter-output>
          </reporter-output>
        </test-method> <!-- tearDown -->
      </class> <!-- com.tests.TestHardware -->
      <class name="com.tests.Tests">
        <test-method status="PASS" signature="setUp()[pri:0, instance:com.tests.Tests@6d00a15d]" name="setUp" is-config="true" duration-ms="5622" started-at="2016-07-05T17:28:54Z" finished-at="2016-07-05T17:28:59Z">
          <reporter-output>
          </reporter-output>
        </test-method> <!-- setUp -->
        <test-method status="PASS" signature="CreateAccount()[pri:0, instance:com.tests.Tests@6d00a15d]" name="CreateAccount" duration-ms="14510" started-at="2016-07-05T17:28:59Z" finished-at="2016-07-05T17:29:14Z">
          <reporter-output>
          </reporter-output>
        </test-method> <!-- CreateAccount -->
        <test-method status="PASS" signature="tearDown()[pri:0, instance:com.tests.Tests@6d00a15d]" name="tearDown" is-config="true" duration-ms="836" started-at="2016-07-05T17:29:14Z" finished-at="2016-07-05T17:29:15Z">
          <reporter-output>
          </reporter-output>
        </test-method> <!-- tearDown -->
        <test-method status="PASS" signature="setUp()[pri:0, instance:com.tests.Tests@6d00a15d]" name="setUp" is-config="true" duration-ms="5100" started-at="2016-07-05T17:29:15Z" finished-at="2016-07-05T17:29:20Z">
          <reporter-output>
          </reporter-output>
        </test-method> <!-- setUp -->
        <test-method status="PASS" signature="CreateAccountError()[pri:0, instance:com.tests.Tests@6d00a15d]" name="CreateAccountError" duration-ms="588" started-at="2016-07-05T17:29:20Z" finished-at="2016-07-05T17:29:20Z">
          <reporter-output>
          </reporter-output>
        </test-method> <!-- CreateAccountError -->
        <test-method status="PASS" signature="tearDown()[pri:0, instance:com.tests.Tests@6d00a15d]" name="tearDown" is-config="true" duration-ms="765" started-at="2016-07-05T17:29:20Z" finished-at="2016-07-05T17:29:21Z">
          <reporter-output>
          </reporter-output>
        </test-method> <!-- tearDown -->
        <test-method status="PASS" signature="setUp()[pri:0, instance:com.tests.Tests@6d00a15d]" name="setUp" is-config="true" duration-ms="4900" started-at="2016-07-05T17:29:21Z" finished-at="2016-07-05T17:29:26Z">
          <reporter-output>
          </reporter-output>
        </test-method> <!-- setUp -->
        <test-method status="PASS" signature="addressError()[pri:0, instance:com.tests.Tests@6d00a15d]" name="addressError" duration-ms="5791" started-at="2016-07-05T17:29:26Z" finished-at="2016-07-05T17:29:32Z">
          <reporter-output>
          </reporter-output>
        </test-method> <!-- addressError -->
        <test-method status="PASS" signature="tearDown()[pri:0, instance:com.tests.Tests@6d00a15d]" name="tearDown" is-config="true" duration-ms="755" started-at="2016-07-05T17:29:32Z" finished-at="2016-07-05T17:29:33Z">
          <reporter-output>
          </reporter-output>
        </test-method> <!-- tearDown -->
        <test-method status="PASS" signature="setUp()[pri:0, instance:com.tests.Tests@6d00a15d]" name="setUp" is-config="true" duration-ms="5133" started-at="2016-07-05T17:29:33Z" finished-at="2016-07-05T17:29:38Z">
          <reporter-output>
          </reporter-output>
        </test-method> <!-- setUp -->
        <test-method status="PASS" signature="cityError()[pri:0, instance:com.tests.Tests@6d00a15d]" name="cityError" duration-ms="5517" started-at="2016-07-05T17:29:38Z" finished-at="2016-07-05T17:29:43Z">
          <reporter-output>
          </reporter-output>
        </test-method> <!-- cityError -->
        <test-method status="PASS" signature="tearDown()[pri:0, instance:com.tests.Tests@6d00a15d]" name="tearDown" is-config="true" duration-ms="747" started-at="2016-07-05T17:29:43Z" finished-at="2016-07-05T17:29:44Z">
          <reporter-output>
          </reporter-output>
        </test-method> <!-- tearDown -->
        <test-method status="PASS" signature="setUp()[pri:0, instance:com.tests.Tests@6d00a15d]" name="setUp" is-config="true" duration-ms="5072" started-at="2016-07-05T17:29:44Z" finished-at="2016-07-05T17:29:49Z">
          <reporter-output>
          </reporter-output>
        </test-method> <!-- setUp -->
        <test-method status="PASS" signature="confirmError()[pri:0, instance:com.tests.Tests@6d00a15d]" name="confirmError" duration-ms="9196" started-at="2016-07-05T17:29:49Z" finished-at="2016-07-05T17:29:58Z">
          <reporter-output>
          </reporter-output>
        </test-method> <!-- confirmError -->
        <test-method status="PASS" signature="tearDown()[pri:0, instance:com.tests.Tests@6d00a15d]" name="tearDown" is-config="true" duration-ms="762" started-at="2016-07-05T17:29:58Z" finished-at="2016-07-05T17:29:59Z">
          <reporter-output>
          </reporter-output>
        </test-method> <!-- tearDown -->
        <test-method status="PASS" signature="setUp()[pri:0, instance:com.tests.Tests@6d00a15d]" name="setUp" is-config="true" duration-ms="4915" started-at="2016-07-05T17:29:59Z" finished-at="2016-07-05T17:30:04Z">
          <reporter-output>
          </reporter-output>
        </test-method> <!-- setUp -->
        <test-method status="PASS" signature="dobError()[pri:0, instance:com.tests.Tests@6d00a15d]" name="dobError" duration-ms="14127" started-at="2016-07-05T17:30:04Z" finished-at="2016-07-05T17:30:18Z">
          <reporter-output>
          </reporter-output>
        </test-method> <!-- dobError -->
        <test-method status="PASS" signature="tearDown()[pri:0, instance:com.tests.Tests@6d00a15d]" name="tearDown" is-config="true" duration-ms="755" started-at="2016-07-05T17:30:18Z" finished-at="2016-07-05T17:30:19Z">
          <reporter-output>
          </reporter-output>
        </test-method> <!-- tearDown -->
        <test-method status="PASS" signature="setUp()[pri:0, instance:com.tests.Tests@6d00a15d]" name="setUp" is-config="true" duration-ms="4951" started-at="2016-07-05T17:30:19Z" finished-at="2016-07-05T17:30:24Z">
          <reporter-output>
          </reporter-output>
        </test-method> <!-- setUp -->
        <test-method status="PASS" signature="emailError()[pri:0, instance:com.tests.Tests@6d00a15d]" name="emailError" duration-ms="11945" started-at="2016-07-05T17:30:24Z" finished-at="2016-07-05T17:30:36Z">
          <reporter-output>
          </reporter-output>
        </test-method> <!-- emailError -->
        <test-method status="PASS" signature="tearDown()[pri:0, instance:com.tests.Tests@6d00a15d]" name="tearDown" is-config="true" duration-ms="758" started-at="2016-07-05T17:30:36Z" finished-at="2016-07-05T17:30:37Z">
          <reporter-output>
          </reporter-output>
        </test-method> <!-- tearDown -->
        <test-method status="PASS" signature="setUp()[pri:0, instance:com.tests.Tests@6d00a15d]" name="setUp" is-config="true" duration-ms="5172" started-at="2016-07-05T17:30:37Z" finished-at="2016-07-05T17:30:42Z">
          <reporter-output>
          </reporter-output>
        </test-method> <!-- setUp -->
        <test-method status="PASS" signature="firstnameError()[pri:0, instance:com.tests.Tests@6d00a15d]" name="firstnameError" duration-ms="8734" started-at="2016-07-05T17:30:42Z" finished-at="2016-07-05T17:30:50Z">
          <reporter-output>
          </reporter-output>
        </test-method> <!-- firstnameError -->
        <test-method status="PASS" signature="tearDown()[pri:0, instance:com.tests.Tests@6d00a15d]" name="tearDown" is-config="true" duration-ms="759" started-at="2016-07-05T17:30:50Z" finished-at="2016-07-05T17:30:51Z">
          <reporter-output>
          </reporter-output>
        </test-method> <!-- tearDown -->
        <test-method status="PASS" signature="setUp()[pri:0, instance:com.tests.Tests@6d00a15d]" name="setUp" is-config="true" duration-ms="5083" started-at="2016-07-05T17:30:51Z" finished-at="2016-07-05T17:30:56Z">
          <reporter-output>
          </reporter-output>
        </test-method> <!-- setUp -->
        <test-method status="PASS" signature="genderError()[pri:0, instance:com.tests.Tests@6d00a15d]" name="genderError" duration-ms="4720" started-at="2016-07-05T17:30:56Z" finished-at="2016-07-05T17:31:01Z">
          <reporter-output>
          </reporter-output>
        </test-method> <!-- genderError -->
        <test-method status="PASS" signature="tearDown()[pri:0, instance:com.tests.Tests@6d00a15d]" name="tearDown" is-config="true" duration-ms="771" started-at="2016-07-05T17:31:01Z" finished-at="2016-07-05T17:31:02Z">
          <reporter-output>
          </reporter-output>
        </test-method> <!-- tearDown -->
        <test-method status="PASS" signature="setUp()[pri:0, instance:com.tests.Tests@6d00a15d]" name="setUp" is-config="true" duration-ms="5003" started-at="2016-07-05T17:31:02Z" finished-at="2016-07-05T17:31:07Z">
          <reporter-output>
          </reporter-output>
        </test-method> <!-- setUp -->
        <test-method status="PASS" signature="lastnameError()[pri:0, instance:com.tests.Tests@6d00a15d]" name="lastnameError" duration-ms="11836" started-at="2016-07-05T17:31:07Z" finished-at="2016-07-05T17:31:19Z">
          <reporter-output>
          </reporter-output>
        </test-method> <!-- lastnameError -->
        <test-method status="PASS" signature="tearDown()[pri:0, instance:com.tests.Tests@6d00a15d]" name="tearDown" is-config="true" duration-ms="755" started-at="2016-07-05T17:31:19Z" finished-at="2016-07-05T17:31:19Z">
          <reporter-output>
          </reporter-output>
        </test-method> <!-- tearDown -->
        <test-method status="PASS" signature="setUp()[pri:0, instance:com.tests.Tests@6d00a15d]" name="setUp" is-config="true" duration-ms="5065" started-at="2016-07-05T17:31:19Z" finished-at="2016-07-05T17:31:24Z">
          <reporter-output>
          </reporter-output>
        </test-method> <!-- setUp -->
        <test-method status="PASS" signature="passwordError()[pri:0, instance:com.tests.Tests@6d00a15d]" name="passwordError" duration-ms="6485" started-at="2016-07-05T17:31:24Z" finished-at="2016-07-05T17:31:31Z">
          <reporter-output>
          </reporter-output>
        </test-method> <!-- passwordError -->
        <test-method status="PASS" signature="tearDown()[pri:0, instance:com.tests.Tests@6d00a15d]" name="tearDown" is-config="true" duration-ms="755" started-at="2016-07-05T17:31:31Z" finished-at="2016-07-05T17:31:32Z">
          <reporter-output>
          </reporter-output>
        </test-method> <!-- tearDown -->
        <test-method status="PASS" signature="setUp()[pri:0, instance:com.tests.Tests@6d00a15d]" name="setUp" is-config="true" duration-ms="4968" started-at="2016-07-05T17:31:32Z" finished-at="2016-07-05T17:31:37Z">
          <reporter-output>
          </reporter-output>
        </test-method> <!-- setUp -->
        <test-method status="PASS" signature="phoneError()[pri:0, instance:com.tests.Tests@6d00a15d]" name="phoneError" duration-ms="11500" started-at="2016-07-05T17:31:37Z" finished-at="2016-07-05T17:31:48Z">
          <reporter-output>
          </reporter-output>
        </test-method> <!-- phoneError -->
        <test-method status="PASS" signature="tearDown()[pri:0, instance:com.tests.Tests@6d00a15d]" name="tearDown" is-config="true" duration-ms="761" started-at="2016-07-05T17:31:48Z" finished-at="2016-07-05T17:31:49Z">
          <reporter-output>
          </reporter-output>
        </test-method> <!-- tearDown -->
        <test-method status="PASS" signature="setUp()[pri:0, instance:com.tests.Tests@6d00a15d]" name="setUp" is-config="true" duration-ms="4811" started-at="2016-07-05T17:31:49Z" finished-at="2016-07-05T17:31:54Z">
          <reporter-output>
          </reporter-output>
        </test-method> <!-- setUp -->
        <test-method status="PASS" signature="postError()[pri:0, instance:com.tests.Tests@6d00a15d]" name="postError" duration-ms="11157" started-at="2016-07-05T17:31:54Z" finished-at="2016-07-05T17:32:05Z">
          <reporter-output>
          </reporter-output>
        </test-method> <!-- postError -->
        <test-method status="PASS" signature="tearDown()[pri:0, instance:com.tests.Tests@6d00a15d]" name="tearDown" is-config="true" duration-ms="764" started-at="2016-07-05T17:32:05Z" finished-at="2016-07-05T17:32:06Z">
          <reporter-output>
          </reporter-output>
        </test-method> <!-- tearDown -->
        <test-method status="PASS" signature="setUp()[pri:0, instance:com.tests.Tests@6d00a15d]" name="setUp" is-config="true" duration-ms="5191" started-at="2016-07-05T17:32:06Z" finished-at="2016-07-05T17:32:11Z">
          <reporter-output>
          </reporter-output>
        </test-method> <!-- setUp -->
        <test-method status="PASS" signature="stateError()[pri:0, instance:com.tests.Tests@6d00a15d]" name="stateError" duration-ms="5004" started-at="2016-07-05T17:32:11Z" finished-at="2016-07-05T17:32:16Z">
          <reporter-output>
          </reporter-output>
        </test-method> <!-- stateError -->
        <test-method status="PASS" signature="tearDown()[pri:0, instance:com.tests.Tests@6d00a15d]" name="tearDown" is-config="true" duration-ms="767" started-at="2016-07-05T17:32:16Z" finished-at="2016-07-05T17:32:17Z">
          <reporter-output>
          </reporter-output>
        </test-method> <!-- tearDown -->
      </class> <!-- com.tests.Tests -->
      <class name="com.tests.TestSoftware">
        <test-method status="PASS" signature="setUp()[pri:0, instance:com.tests.TestSoftware@5034c75a]" name="setUp" is-config="true" duration-ms="4849" started-at="2016-07-05T17:32:34Z" finished-at="2016-07-05T17:32:39Z">
          <reporter-output>
          </reporter-output>
        </test-method> <!-- setUp -->
        <test-method status="PASS" signature="SoftwarePageLink1()[pri:0, instance:com.tests.TestSoftware@5034c75a]" name="SoftwarePageLink1" duration-ms="1078" started-at="2016-07-05T17:32:39Z" finished-at="2016-07-05T17:32:40Z">
          <reporter-output>
          </reporter-output>
        </test-method> <!-- SoftwarePageLink1 -->
        <test-method status="PASS" signature="tearDown()[pri:0, instance:com.tests.TestSoftware@5034c75a]" name="tearDown" is-config="true" duration-ms="771" started-at="2016-07-05T17:32:40Z" finished-at="2016-07-05T17:32:41Z">
          <reporter-output>
          </reporter-output>
        </test-method> <!-- tearDown -->
        <test-method status="PASS" signature="setUp()[pri:0, instance:com.tests.TestSoftware@5034c75a]" name="setUp" is-config="true" duration-ms="5002" started-at="2016-07-05T17:32:41Z" finished-at="2016-07-05T17:32:46Z">
          <reporter-output>
          </reporter-output>
        </test-method> <!-- setUp -->
        <test-method status="PASS" signature="SoftwarePageLink2()[pri:0, instance:com.tests.TestSoftware@5034c75a]" name="SoftwarePageLink2" duration-ms="924" started-at="2016-07-05T17:32:46Z" finished-at="2016-07-05T17:32:47Z">
          <reporter-output>
          </reporter-output>
        </test-method> <!-- SoftwarePageLink2 -->
        <test-method status="PASS" signature="tearDown()[pri:0, instance:com.tests.TestSoftware@5034c75a]" name="tearDown" is-config="true" duration-ms="771" started-at="2016-07-05T17:32:47Z" finished-at="2016-07-05T17:32:48Z">
          <reporter-output>
          </reporter-output>
        </test-method> <!-- tearDown -->
        <test-method status="PASS" signature="setUp()[pri:0, instance:com.tests.TestSoftware@5034c75a]" name="setUp" is-config="true" duration-ms="4957" started-at="2016-07-05T17:32:48Z" finished-at="2016-07-05T17:32:53Z">
          <reporter-output>
          </reporter-output>
        </test-method> <!-- setUp -->
        <test-method status="PASS" signature="SoftwarePageLink3()[pri:0, instance:com.tests.TestSoftware@5034c75a]" name="SoftwarePageLink3" duration-ms="899" started-at="2016-07-05T17:32:53Z" finished-at="2016-07-05T17:32:54Z">
          <reporter-output>
          </reporter-output>
        </test-method> <!-- SoftwarePageLink3 -->
        <test-method status="PASS" signature="tearDown()[pri:0, instance:com.tests.TestSoftware@5034c75a]" name="tearDown" is-config="true" duration-ms="769" started-at="2016-07-05T17:32:54Z" finished-at="2016-07-05T17:32:54Z">
          <reporter-output>
          </reporter-output>
        </test-method> <!-- tearDown -->
      </class> <!-- com.tests.TestSoftware -->
      <class name="com.tests.TestHomepage">
        <test-method status="PASS" signature="setUp()[pri:0, instance:com.tests.TestHomepage@396a51ab]" name="setUp" is-config="true" duration-ms="3922" started-at="2016-07-05T17:32:54Z" finished-at="2016-07-05T17:32:58Z">
          <reporter-output>
          </reporter-output>
        </test-method> <!-- setUp -->
        <test-method status="PASS" signature="homepagelink1()[pri:0, instance:com.tests.TestHomepage@396a51ab]" name="homepagelink1" duration-ms="1596" started-at="2016-07-05T17:32:58Z" finished-at="2016-07-05T17:33:00Z">
          <reporter-output>
          </reporter-output>
        </test-method> <!-- homepagelink1 -->
        <test-method status="PASS" signature="tearDown()[pri:0, instance:com.tests.TestHomepage@396a51ab]" name="tearDown" is-config="true" duration-ms="747" started-at="2016-07-05T17:33:00Z" finished-at="2016-07-05T17:33:01Z">
          <reporter-output>
          </reporter-output>
        </test-method> <!-- tearDown -->
        <test-method status="PASS" signature="setUp()[pri:0, instance:com.tests.TestHomepage@396a51ab]" name="setUp" is-config="true" duration-ms="3929" started-at="2016-07-05T17:33:01Z" finished-at="2016-07-05T17:33:05Z">
          <reporter-output>
          </reporter-output>
        </test-method> <!-- setUp -->
        <test-method status="PASS" signature="homepagelink2()[pri:0, instance:com.tests.TestHomepage@396a51ab]" name="homepagelink2" duration-ms="1624" started-at="2016-07-05T17:33:05Z" finished-at="2016-07-05T17:33:06Z">
          <reporter-output>
          </reporter-output>
        </test-method> <!-- homepagelink2 -->
        <test-method status="PASS" signature="tearDown()[pri:0, instance:com.tests.TestHomepage@396a51ab]" name="tearDown" is-config="true" duration-ms="749" started-at="2016-07-05T17:33:06Z" finished-at="2016-07-05T17:33:07Z">
          <reporter-output>
          </reporter-output>
        </test-method> <!-- tearDown -->
        <test-method status="PASS" signature="setUp()[pri:0, instance:com.tests.TestHomepage@396a51ab]" name="setUp" is-config="true" duration-ms="3924" started-at="2016-07-05T17:33:07Z" finished-at="2016-07-05T17:33:11Z">
          <reporter-output>
          </reporter-output>
        </test-method> <!-- setUp -->
        <test-method status="PASS" signature="homepagelink3()[pri:0, instance:com.tests.TestHomepage@396a51ab]" name="homepagelink3" duration-ms="1621" started-at="2016-07-05T17:33:11Z" finished-at="2016-07-05T17:33:13Z">
          <reporter-output>
          </reporter-output>
        </test-method> <!-- homepagelink3 -->
        <test-method status="PASS" signature="tearDown()[pri:0, instance:com.tests.TestHomepage@396a51ab]" name="tearDown" is-config="true" duration-ms="763" started-at="2016-07-05T17:33:13Z" finished-at="2016-07-05T17:33:13Z">
          <reporter-output>
          </reporter-output>
        </test-method> <!-- tearDown -->
        <test-method status="PASS" signature="setUp()[pri:0, instance:com.tests.TestHomepage@396a51ab]" name="setUp" is-config="true" duration-ms="4028" started-at="2016-07-05T17:33:13Z" finished-at="2016-07-05T17:33:17Z">
          <reporter-output>
          </reporter-output>
        </test-method> <!-- setUp -->
        <test-method status="PASS" signature="homepagelink4()[pri:0, instance:com.tests.TestHomepage@396a51ab]" name="homepagelink4" duration-ms="1429" started-at="2016-07-05T17:33:17Z" finished-at="2016-07-05T17:33:19Z">
          <reporter-output>
          </reporter-output>
        </test-method> <!-- homepagelink4 -->
        <test-method status="PASS" signature="tearDown()[pri:0, instance:com.tests.TestHomepage@396a51ab]" name="tearDown" is-config="true" duration-ms="765" started-at="2016-07-05T17:33:19Z" finished-at="2016-07-05T17:33:20Z">
          <reporter-output>
          </reporter-output>
        </test-method> <!-- tearDown -->
        <test-method status="PASS" signature="setUp()[pri:0, instance:com.tests.TestHomepage@396a51ab]" name="setUp" is-config="true" duration-ms="4019" started-at="2016-07-05T17:33:20Z" finished-at="2016-07-05T17:33:24Z">
          <reporter-output>
          </reporter-output>
        </test-method> <!-- setUp -->
        <test-method status="PASS" signature="homepagelink5()[pri:0, instance:com.tests.TestHomepage@396a51ab]" name="homepagelink5" duration-ms="1524" started-at="2016-07-05T17:33:24Z" finished-at="2016-07-05T17:33:25Z">
          <reporter-output>
          </reporter-output>
        </test-method> <!-- homepagelink5 -->
        <test-method status="PASS" signature="tearDown()[pri:0, instance:com.tests.TestHomepage@396a51ab]" name="tearDown" is-config="true" duration-ms="795" started-at="2016-07-05T17:33:25Z" finished-at="2016-07-05T17:33:26Z">
          <reporter-output>
          </reporter-output>
        </test-method> <!-- tearDown -->
        <test-method status="PASS" signature="setUp()[pri:0, instance:com.tests.TestHomepage@396a51ab]" name="setUp" is-config="true" duration-ms="3990" started-at="2016-07-05T17:33:26Z" finished-at="2016-07-05T17:33:30Z">
          <reporter-output>
          </reporter-output>
        </test-method> <!-- setUp -->
        <test-method status="PASS" signature="homepagelink6()[pri:0, instance:com.tests.TestHomepage@396a51ab]" name="homepagelink6" duration-ms="1568" started-at="2016-07-05T17:33:30Z" finished-at="2016-07-05T17:33:31Z">
          <reporter-output>
          </reporter-output>
        </test-method> <!-- homepagelink6 -->
        <test-method status="PASS" signature="tearDown()[pri:0, instance:com.tests.TestHomepage@396a51ab]" name="tearDown" is-config="true" duration-ms="760" started-at="2016-07-05T17:33:31Z" finished-at="2016-07-05T17:33:32Z">
          <reporter-output>
          </reporter-output>
        </test-method> <!-- tearDown -->
        <test-method status="PASS" signature="setUp()[pri:0, instance:com.tests.TestHomepage@396a51ab]" name="setUp" is-config="true" duration-ms="3914" started-at="2016-07-05T17:33:32Z" finished-at="2016-07-05T17:33:36Z">
          <reporter-output>
          </reporter-output>
        </test-method> <!-- setUp -->
        <test-method status="PASS" signature="homepagelink7()[pri:0, instance:com.tests.TestHomepage@396a51ab]" name="homepagelink7" duration-ms="1508" started-at="2016-07-05T17:33:36Z" finished-at="2016-07-05T17:33:38Z">
          <reporter-output>
          </reporter-output>
        </test-method> <!-- homepagelink7 -->
        <test-method status="PASS" signature="tearDown()[pri:0, instance:com.tests.TestHomepage@396a51ab]" name="tearDown" is-config="true" duration-ms="753" started-at="2016-07-05T17:33:38Z" finished-at="2016-07-05T17:33:38Z">
          <reporter-output>
          </reporter-output>
        </test-method> <!-- tearDown -->
        <test-method status="PASS" signature="setUp()[pri:0, instance:com.tests.TestHomepage@396a51ab]" name="setUp" is-config="true" duration-ms="3983" started-at="2016-07-05T17:33:38Z" finished-at="2016-07-05T17:33:42Z">
          <reporter-output>
          </reporter-output>
        </test-method> <!-- setUp -->
        <test-method status="PASS" signature="homepagelink8()[pri:0, instance:com.tests.TestHomepage@396a51ab]" name="homepagelink8" duration-ms="1508" started-at="2016-07-05T17:33:42Z" finished-at="2016-07-05T17:33:44Z">
          <reporter-output>
          </reporter-output>
        </test-method> <!-- homepagelink8 -->
        <test-method status="PASS" signature="tearDown()[pri:0, instance:com.tests.TestHomepage@396a51ab]" name="tearDown" is-config="true" duration-ms="743" started-at="2016-07-05T17:33:44Z" finished-at="2016-07-05T17:33:45Z">
          <reporter-output>
          </reporter-output>
        </test-method> <!-- tearDown -->
        <test-method status="PASS" signature="setUp()[pri:0, instance:com.tests.TestHomepage@396a51ab]" name="setUp" is-config="true" duration-ms="3908" started-at="2016-07-05T17:33:45Z" finished-at="2016-07-05T17:33:49Z">
          <reporter-output>
          </reporter-output>
        </test-method> <!-- setUp -->
        <test-method status="PASS" signature="homepagelink9()[pri:0, instance:com.tests.TestHomepage@396a51ab]" name="homepagelink9" duration-ms="1472" started-at="2016-07-05T17:33:49Z" finished-at="2016-07-05T17:33:50Z">
          <reporter-output>
          </reporter-output>
        </test-method> <!-- homepagelink9 -->
        <test-method status="PASS" signature="tearDown()[pri:0, instance:com.tests.TestHomepage@396a51ab]" name="tearDown" is-config="true" duration-ms="749" started-at="2016-07-05T17:33:50Z" finished-at="2016-07-05T17:33:51Z">
          <reporter-output>
          </reporter-output>
        </test-method> <!-- tearDown -->
      </class> <!-- com.tests.TestHomepage -->
      <class name="com.tests.TestLogIn">
        <test-method status="PASS" signature="setUp()[pri:0, instance:com.tests.TestLogIn@51efea79]" name="setUp" is-config="true" duration-ms="5037" started-at="2016-07-05T17:32:17Z" finished-at="2016-07-05T17:32:22Z">
          <reporter-output>
          </reporter-output>
        </test-method> <!-- setUp -->
        <test-method status="PASS" signature="login()[pri:0, instance:com.tests.TestLogIn@51efea79]" name="login" duration-ms="3439" started-at="2016-07-05T17:32:22Z" finished-at="2016-07-05T17:32:25Z">
          <reporter-output>
          </reporter-output>
        </test-method> <!-- login -->
        <test-method status="PASS" signature="tearDown()[pri:0, instance:com.tests.TestLogIn@51efea79]" name="tearDown" is-config="true" duration-ms="768" started-at="2016-07-05T17:32:25Z" finished-at="2016-07-05T17:32:26Z">
          <reporter-output>
          </reporter-output>
        </test-method> <!-- tearDown -->
        <test-method status="PASS" signature="setUp()[pri:0, instance:com.tests.TestLogIn@51efea79]" name="setUp" is-config="true" duration-ms="5105" started-at="2016-07-05T17:32:26Z" finished-at="2016-07-05T17:32:31Z">
          <reporter-output>
          </reporter-output>
        </test-method> <!-- setUp -->
        <test-method status="PASS" signature="wrongLogin()[pri:0, instance:com.tests.TestLogIn@51efea79]" name="wrongLogin" duration-ms="2742" started-at="2016-07-05T17:32:31Z" finished-at="2016-07-05T17:32:34Z">
          <reporter-output>
          </reporter-output>
        </test-method> <!-- wrongLogin -->
        <test-method status="PASS" signature="tearDown()[pri:0, instance:com.tests.TestLogIn@51efea79]" name="tearDown" is-config="true" duration-ms="766" started-at="2016-07-05T17:32:34Z" finished-at="2016-07-05T17:32:34Z">
          <reporter-output>
          </reporter-output>
        </test-method> <!-- tearDown -->
      </class> <!-- com.tests.TestLogIn -->
    </test> <!-- Regression1 -->
  </suite> <!-- Suite1 -->
</testng-results>
