<?xml version="1.0" encoding="UTF-8"?>
<testng-results skipped="0" failed="0" total="2" passed="2">
  <reporter-output>
  </reporter-output>
  <suite name="Default suite" duration-ms="18736" started-at="2016-07-07T01:29:12Z" finished-at="2016-07-07T01:29:31Z">
    <groups>
    </groups>
    <test name="Default test" duration-ms="18736" started-at="2016-07-07T01:29:12Z" finished-at="2016-07-07T01:29:31Z">
      <class name="com.tests.TestLogIn">
        <test-method status="PASS" signature="setUp()[pri:0, instance:com.tests.TestLogIn@5419f379]" name="setUp" is-config="true" duration-ms="5470" started-at="2016-07-06T18:29:12Z" finished-at="2016-07-06T18:29:18Z">
          <reporter-output>
          </reporter-output>
        </test-method> <!-- setUp -->
        <test-method status="PASS" signature="login()[pri:0, instance:com.tests.TestLogIn@5419f379]" name="login" duration-ms="3579" started-at="2016-07-06T18:29:18Z" finished-at="2016-07-06T18:29:21Z">
          <reporter-output>
          </reporter-output>
        </test-method> <!-- login -->
        <test-method status="PASS" signature="tearDown()[pri:0, instance:com.tests.TestLogIn@5419f379]" name="tearDown" is-config="true" duration-ms="856" started-at="2016-07-06T18:29:21Z" finished-at="2016-07-06T18:29:22Z">
          <reporter-output>
          </reporter-output>
        </test-method> <!-- tearDown -->
        <test-method status="PASS" signature="setUp()[pri:0, instance:com.tests.TestLogIn@5419f379]" name="setUp" is-config="true" duration-ms="5090" started-at="2016-07-06T18:29:22Z" finished-at="2016-07-06T18:29:27Z">
          <reporter-output>
          </reporter-output>
        </test-method> <!-- setUp -->
        <test-method status="PASS" signature="wrongLogin()[pri:0, instance:com.tests.TestLogIn@5419f379]" name="wrongLogin" duration-ms="2960" started-at="2016-07-06T18:29:27Z" finished-at="2016-07-06T18:29:30Z">
          <reporter-output>
          </reporter-output>
        </test-method> <!-- wrongLogin -->
        <test-method status="PASS" signature="tearDown()[pri:0, instance:com.tests.TestLogIn@5419f379]" name="tearDown" is-config="true" duration-ms="766" started-at="2016-07-06T18:29:30Z" finished-at="2016-07-06T18:29:31Z">
          <reporter-output>
          </reporter-output>
        </test-method> <!-- tearDown -->
      </class> <!-- com.tests.TestLogIn -->
    </test> <!-- Default test -->
  </suite> <!-- Default suite -->
</testng-results>
