<?xml version="1.0" encoding="UTF-8"?>
<!-- Generated by org.testng.reporters.JUnitXMLReporter -->
<testsuite hostname="MSI" name="Default test" tests="3" failures="0" timestamp="6 Jul 2016 00:22:43 GMT" time="21.765" errors="0">
  <testcase name="SoftwarePageLink1" time="0.968" classname="com.tests.TestSoftware"/>
  <testcase name="SoftwarePageLink2" time="0.917" classname="com.tests.TestSoftware"/>
  <testcase name="SoftwarePageLink3" time="0.92" classname="com.tests.TestSoftware"/>
</testsuite> <!-- Default test -->
