<?xml version="1.0" encoding="UTF-8"?>
<!-- Generated by org.testng.reporters.JUnitXMLReporter -->
<testsuite hostname="MSI" name="Regression1" tests="36" failures="0" timestamp="6 Jul 2016 00:34:44 GMT" time="349.774" errors="0">
  <testcase name="CreateAccount" time="14.51" classname="com.tests.Tests"/>
  <testcase name="CreateAccountError" time="0.588" classname="com.tests.Tests"/>
  <testcase name="addressError" time="5.791" classname="com.tests.Tests"/>
  <testcase name="cityError" time="5.517" classname="com.tests.Tests"/>
  <testcase name="confirmError" time="9.196" classname="com.tests.Tests"/>
  <testcase name="dobError" time="14.127" classname="com.tests.Tests"/>
  <testcase name="emailError" time="11.945" classname="com.tests.Tests"/>
  <testcase name="firstnameError" time="8.734" classname="com.tests.Tests"/>
  <testcase name="genderError" time="4.72" classname="com.tests.Tests"/>
  <testcase name="lastnameError" time="11.836" classname="com.tests.Tests"/>
  <testcase name="passwordError" time="6.485" classname="com.tests.Tests"/>
  <testcase name="phoneError" time="11.5" classname="com.tests.Tests"/>
  <testcase name="postError" time="11.157" classname="com.tests.Tests"/>
  <testcase name="stateError" time="5.004" classname="com.tests.Tests"/>
  <testcase name="login" time="3.439" classname="com.tests.TestLogIn"/>
  <testcase name="wrongLogin" time="2.742" classname="com.tests.TestLogIn"/>
  <testcase name="SoftwarePageLink1" time="1.078" classname="com.tests.TestSoftware"/>
  <testcase name="SoftwarePageLink2" time="0.924" classname="com.tests.TestSoftware"/>
  <testcase name="SoftwarePageLink3" time="0.899" classname="com.tests.TestSoftware"/>
  <testcase name="homepagelink1" time="1.596" classname="com.tests.TestHomepage"/>
  <testcase name="homepagelink2" time="1.624" classname="com.tests.TestHomepage"/>
  <testcase name="homepagelink3" time="1.621" classname="com.tests.TestHomepage"/>
  <testcase name="homepagelink4" time="1.429" classname="com.tests.TestHomepage"/>
  <testcase name="homepagelink5" time="1.524" classname="com.tests.TestHomepage"/>
  <testcase name="homepagelink6" time="1.568" classname="com.tests.TestHomepage"/>
  <testcase name="homepagelink7" time="1.508" classname="com.tests.TestHomepage"/>
  <testcase name="homepagelink8" time="1.508" classname="com.tests.TestHomepage"/>
  <testcase name="homepagelink9" time="1.472" classname="com.tests.TestHomepage"/>
  <testcase name="HardwarePagelink1" time="0.987" classname="com.tests.TestHardware"/>
  <testcase name="HardwarePagelink2" time="0.929" classname="com.tests.TestHardware"/>
  <testcase name="HardwarePagelink3" time="0.862" classname="com.tests.TestHardware"/>
  <testcase name="HardwarePagelink4" time="0.79" classname="com.tests.TestHardware"/>
  <testcase name="HardwarePagelink5" time="0.911" classname="com.tests.TestHardware"/>
  <testcase name="HardwarePagelink6" time="0.874" classname="com.tests.TestHardware"/>
  <testcase name="HardwarePagelink7" time="0.865" classname="com.tests.TestHardware"/>
  <testcase name="HardwarePagelink8" time="0.898" classname="com.tests.TestHardware"/>
</testsuite> <!-- Regression1 -->
